[23:08:43] [main/INFO]: Loading Minecraft 1.20.4 with Fabric Loader 0.16.14
[23:08:43] [main/INFO]: Loading 6 mods:
	- fabricloader 0.16.14
	   \-- mixinextras 0.4.1
	- java 21
	- minecraft 1.20.4
	- skinrestorer 2.4.2+1.20.3-fabric
	   \-- org_mineskin_java-client 3.0.6-SNAPSHOT
[23:08:43] [main/INFO]: SpongePowered MIXIN Subsystem Version=0.8.7 Source=file:/workspaces/skyblock/libraries/net/fabricmc/sponge-mixin/0.15.5+mixin.0.8.7/sponge-mixin-0.15.5+mixin.0.8.7.jar Service=Knot/Fabric Env=SERVER
[23:08:43] [main/INFO]: Compatibility level set to JAVA_17
[23:08:46] [main/INFO]: Initializing MixinExtras via com.llamalad7.mixinextras.service.MixinExtrasServiceImpl(version=0.4.1).
[23:08:53] [main/WARN]: fabric-api is not loaded, SkinShuffle compatibility will not be available
[23:08:53] [main/INFO]: Environment: Environment[sessionHost=https://sessionserver.mojang.com, servicesHost=https://api.minecraftservices.com, name=PROD]
[23:08:53] [main/INFO]: Found non-pack entry './world/datapacks/Skyblock Classic Edition Structures', ignoring
[23:08:53] [main/INFO]: Found non-pack entry './world/datapacks/Skyblock Classic Edition Hardcore', ignoring
[23:08:53] [main/INFO]: Found new data pack file/Skyblock Classic Edition, loading it automatically
[23:08:55] [Worker-Main-1/ERROR]: Invalid path in pack: skyblock:functions/versions/changelog/Changelog.url, ignoring
[23:08:55] [Worker-Main-1/ERROR]: Invalid path in pack: skyblock:functions/versions/changelog/Github.url, ignoring
[23:08:55] [Worker-Main-1/ERROR]: Invalid path in pack: skyblock:functions/misc/Media/level data/session.lock, ignoring
[23:08:55] [Worker-Main-1/ERROR]: Invalid path in pack: skyblock:functions/misc/Media/level data/level.dat, ignoring
[23:08:55] [Worker-Main-1/ERROR]: Invalid path in pack: skyblock:functions/misc/Media/level data/level.dat_old, ignoring
[23:08:55] [Worker-Main-1/ERROR]: Invalid path in pack: skyblock:functions/misc/Media/level data/map_0.dat, ignoring
[23:08:55] [Worker-Main-1/ERROR]: Invalid path in pack: skyblock:functions/misc/Media/level data/map.png, ignoring
[23:08:55] [Worker-Main-1/ERROR]: Invalid path in pack: skyblock:functions/misc/Media/Icons/icon_structures.png, ignoring
[23:08:55] [Worker-Main-1/ERROR]: Invalid path in pack: skyblock:functions/misc/Media/Icons/translation_pack.png, ignoring
[23:08:55] [Worker-Main-1/ERROR]: Invalid path in pack: skyblock:functions/misc/Media/Icons/Logo.png, ignoring
[23:08:55] [Worker-Main-1/ERROR]: Invalid path in pack: skyblock:functions/misc/Media/Icons/icon_hardcore.png, ignoring
[23:08:55] [Worker-Main-1/ERROR]: Invalid path in pack: skyblock:functions/misc/Media/Icons/Original.png, ignoring
[23:08:55] [Worker-Main-1/ERROR]: Invalid path in pack: skyblock:functions/misc/Media/Icons/icon.png, ignoring
[23:08:55] [Worker-Main-1/ERROR]: Invalid path in pack: skyblock:functions/misc/Media/story/65110991051011101163267105116121.png, ignoring
[23:08:56] [main/INFO]: Loaded 7 recipes
[23:08:56] [main/INFO]: Loaded 1271 advancements
[23:08:57] [Server thread/INFO]: Starting minecraft server version 1.20.4
[23:08:57] [Server thread/INFO]: Loading properties
[23:08:57] [Server thread/INFO]: Default game type: SURVIVAL
[23:08:57] [Server thread/INFO]: Generating keypair
[23:08:57] [Server thread/INFO]: Starting Minecraft server on *:25565
[23:08:57] [Server thread/INFO]: Using epoll channel type
[23:08:57] [Server thread/WARN]: **** SERVER IS RUNNING IN OFFLINE/INSECURE MODE!
[23:08:57] [Server thread/WARN]: The server will make no attempt to authenticate usernames. Beware.
[23:08:57] [Server thread/WARN]: While this makes the game possible to play without internet access, it also opens up the ability for hackers to connect with any username they choose.
[23:08:57] [Server thread/WARN]: To change this, set "online-mode" to "true" in the server.properties file.
[23:08:57] [Server thread/INFO]: Preparing level "world"
[23:08:58] [Server thread/INFO]: Preparing start region for dimension minecraft:overworld
[23:09:00] [Worker-Main-1/INFO]: Preparing spawn area: 0%
[23:09:00] [Worker-Main-1/INFO]: Preparing spawn area: 0%
[23:09:00] [Worker-Main-1/INFO]: Preparing spawn area: 0%
[23:09:00] [Worker-Main-1/INFO]: Preparing spawn area: 0%
[23:09:00] [Worker-Main-1/INFO]: Preparing spawn area: 0%
[23:09:00] [Worker-Main-1/INFO]: Preparing spawn area: 0%
[23:09:01] [Worker-Main-1/INFO]: Preparing spawn area: 0%
[23:09:01] [Worker-Main-1/INFO]: Preparing spawn area: 0%
[23:09:02] [Worker-Main-1/INFO]: Preparing spawn area: 0%
[23:09:02] [Worker-Main-1/INFO]: Preparing spawn area: 0%
[23:09:03] [Worker-Main-1/INFO]: Preparing spawn area: 10%
[23:09:03] [Worker-Main-1/INFO]: Preparing spawn area: 11%
[23:09:04] [Worker-Main-1/INFO]: Preparing spawn area: 11%
[23:09:04] [Worker-Main-1/INFO]: Preparing spawn area: 11%
[23:09:05] [Worker-Main-1/INFO]: Preparing spawn area: 11%
[23:09:05] [Worker-Main-1/INFO]: Preparing spawn area: 11%
[23:09:06] [Worker-Main-1/INFO]: Preparing spawn area: 11%
[23:09:06] [Worker-Main-1/INFO]: Preparing spawn area: 55%
[23:09:07] [Worker-Main-1/INFO]: Preparing spawn area: 64%
[23:09:07] [Worker-Main-1/INFO]: Preparing spawn area: 71%
[23:09:08] [Worker-Main-1/INFO]: Preparing spawn area: 80%
[23:09:08] [Worker-Main-1/INFO]: Preparing spawn area: 83%
[23:09:09] [Worker-Main-1/INFO]: Preparing spawn area: 83%
[23:09:09] [Server thread/INFO]: Time elapsed: 11135 ms
[23:09:09] [Server thread/INFO]: Done (11.368s)! For help, type "help"
[23:18:25] [Server thread/INFO]: Unknown or incomplete command, see below for error
[23:18:25] [Server thread/INFO]: sto[<--[HERE]
[23:18:27] [Server thread/INFO]: Stopping the server
[23:18:27] [Server thread/INFO]: Stopping server
[23:18:27] [Server thread/INFO]: Saving players
[23:18:27] [Server thread/INFO]: Saving worlds
[23:18:28] [Server thread/INFO]: Saving chunks for level 'ServerLevel[Skyblock Classic Edition]'/minecraft:overworld
[23:18:30] [Server thread/INFO]: Saving chunks for level 'ServerLevel[Skyblock Classic Edition]'/minecraft:the_end
[23:18:30] [Server thread/INFO]: Saving chunks for level 'ServerLevel[Skyblock Classic Edition]'/minecraft:the_nether
[23:18:30] [Server thread/INFO]: ThreadedAnvilChunkStorage (world): All chunks are saved
[23:18:30] [Server thread/INFO]: ThreadedAnvilChunkStorage (DIM1): All chunks are saved
[23:18:30] [Server thread/INFO]: ThreadedAnvilChunkStorage (DIM-1): All chunks are saved
[23:18:30] [Server thread/INFO]: ThreadedAnvilChunkStorage: All dimensions are saved
